<?xml version="1.0" encoding="UTF-8"?>
<testsuite name="it.uniba.utils.test.MathUtilsTest" tests="4" skipped="0" failures="0" errors="0" timestamp="2019-06-01T16:05:47" hostname="Ninny" time="0.015">
  <properties/>
  <testcase name="idDataTest()" classname="it.uniba.utils.test.MathUtilsTest" time="0.001"/>
  <testcase name="isDataNoDayTest()" classname="it.uniba.utils.test.MathUtilsTest" time="0.002"/>
  <testcase name="Testing sum of integers" classname="it.uniba.utils.test.MathUtilsTest" time="0.008"/>
  <testcase name="Testing division between integers" classname="it.uniba.utils.test.MathUtilsTest" time="0.001"/>
  <system-out><![CDATA[setUpAll
setUpEach
teadDownEach
setUpEach
teadDownEach
setUpEach
teadDownEach
setUpEach
teadDownEach
teadDownAll
]]></system-out>
  <system-err><![CDATA[]]></system-err>
</testsuite>
