<?xml version="1.0" encoding="UTF-8"?>
<testsuite name="it.uniba.exception.test.ConfigurationExceptionTest" tests="2" skipped="0" failures="0" errors="0" timestamp="2019-06-01T16:02:45" hostname="Ninny" time="0.027">
  <properties/>
  <testcase name="constructorArgumentConfigurationException()" classname="it.uniba.exception.test.ConfigurationExceptionTest" time="0.025"/>
  <testcase name="constructorConfigurationExceptionTest()" classname="it.uniba.exception.test.ConfigurationExceptionTest" time="0.001"/>
  <system-out><![CDATA[]]></system-out>
  <system-err><![CDATA[]]></system-err>
</testsuite>
