<?xml version="1.0" encoding="UTF-8"?>
<testsuite name="it.uniba.exception.test.ParameterExceptionTest" tests="2" skipped="0" failures="0" errors="0" timestamp="2019-06-01T16:02:45" hostname="Ninny" time="0.012">
  <properties/>
  <testcase name="constructorParameterExceptionTest()" classname="it.uniba.exception.test.ParameterExceptionTest" time="0.001"/>
  <testcase name="constructorArgumentParameterExceptionTest()" classname="it.uniba.exception.test.ParameterExceptionTest" time="0.006"/>
  <system-out><![CDATA[]]></system-out>
  <system-err><![CDATA[]]></system-err>
</testsuite>
