<?xml version="1.0" encoding="UTF-8"?>
<testsuite name="it.uniba.exception.test.DeathJobExceptionTest" tests="2" skipped="0" failures="0" errors="0" timestamp="2019-06-01T16:02:45" hostname="Ninny" time="0.006">
  <properties/>
  <testcase name="constructorDeathJobExceptionTest()" classname="it.uniba.exception.test.DeathJobExceptionTest" time="0.004"/>
  <testcase name="constructorArgumentDeathJobExceptionTest()" classname="it.uniba.exception.test.DeathJobExceptionTest" time="0.001"/>
  <system-out><![CDATA[]]></system-out>
  <system-err><![CDATA[]]></system-err>
</testsuite>
